  p207.cpp
d:\c++\수업\190919\190919\p207.cpp(14): error C3867: 'std::vector<int,std::allocator<_Ty>>::end': 비표준 구문입니다. '&'를 사용하여 멤버 포인터를 만드세요.
          with
          [
              _Ty=int
          ]
d:\c++\수업\190919\190919\p207.cpp(14): error C2678: 이항 '!=': 왼쪽 피연산자로 'std::_Vector_iterator<std::_Vector_val<std::_Simple_types<_Ty>>>' 형식을 사용하는 연산자가 없거나 허용되는 변환이 없습니다.
          with
          [
              _Ty=int
          ]
  c:\program files (x86)\microsoft visual studio\2017\community\vc\tools\msvc\14.13.26128\include\vector(196): note: 'bool std::_Vector_const_iterator<std::_Vector_val<std::_Simple_types<_Ty>>>::operator !=(const std::_Vector_const_iterator<std::_Vector_val<std::_Simple_types<_Ty>>> &) const'일 수 있습니다.
          with
          [
              _Ty=int
          ]
  c:\program files (x86)\microsoft visual studio\2017\community\vc\tools\msvc\14.13.26128\include\system_error(392): note: 또는       'bool std::operator !=(const std::error_condition &,const std::error_condition &) noexcept'
  c:\program files (x86)\microsoft visual studio\2017\community\vc\tools\msvc\14.13.26128\include\system_error(387): note: 또는       'bool std::operator !=(const std::error_condition &,const std::error_code &) noexcept'
  c:\program files (x86)\microsoft visual studio\2017\community\vc\tools\msvc\14.13.26128\include\system_error(382): note: 또는       'bool std::operator !=(const std::error_code &,const std::error_condition &) noexcept'
  c:\program files (x86)\microsoft visual studio\2017\community\vc\tools\msvc\14.13.26128\include\system_error(377): note: 또는       'bool std::operator !=(const std::error_code &,const std::error_code &) noexcept'
  c:\program files (x86)\microsoft visual studio\2017\community\vc\tools\msvc\14.13.26128\include\exception(344): note: 또는       'bool std::operator !=(const std::exception_ptr &,std::nullptr_t) noexcept'
  c:\program files (x86)\microsoft visual studio\2017\community\vc\tools\msvc\14.13.26128\include\exception(339): note: 또는       'bool std::operator !=(std::nullptr_t,const std::exception_ptr &) noexcept'
  c:\program files (x86)\microsoft visual studio\2017\community\vc\tools\msvc\14.13.26128\include\exception(334): note: 또는       'bool std::operator !=(const std::exception_ptr &,const std::exception_ptr &) noexcept'
  d:\c++\수업\190919\190919\p207.cpp(14): note: 인수 목록 '(std::_Vector_iterator<std::_Vector_val<std::_Simple_types<_Ty>>>, overloaded-function)'을(를) 일치시키는 동안
          with
          [
              _Ty=int
          ]
